[    0.000000] random: get_random_bytes called from start_kernel+0x42/0x4e1 with crng_init=0
[    0.000000] Linux version 4.13.0-19-generic (buildd@lcy01-amd64-021) (gcc version 7.2.0 (Ubuntu 7.2.0-8ubuntu3)) #22-Ubuntu SMP Mon Dec 4 11:58:07 UTC 2017 (Ubuntu 4.13.0-19.22-generic 4.13.13)
[    0.000000] Command line: BOOT_IMAGE=/boot/vmlinuz-4.13.0-19-generic root=UUID=8d9f7811-4a6f-4b5a-a852-84e55d629690 ro console=tty1 console=ttyS0
[    0.000000] KERNEL supported cpus:
[    0.000000]   Intel GenuineIntel
[    0.000000]   AMD AuthenticAMD
[    0.000000]   Centaur CentaurHauls
[    0.000000] x86/fpu: Supporting XSAVE feature 0x001: 'x87 floating point registers'
[    0.000000] x86/fpu: Supporting XSAVE feature 0x002: 'SSE registers'
[    0.000000] x86/fpu: Supporting XSAVE feature 0x004: 'AVX registers'
[    0.000000] x86/fpu: xstate_offset[2]:  576, xstate_sizes[2]:  256
[    0.000000] x86/fpu: Enabled xstate features 0x7, context size is 832 bytes, using 'standard' format.
[    0.000000] e820: BIOS-provided physical RAM map:
[    0.000000] BIOS-e820: [mem 0x0000000000000000-0x000000000009fbff] usable
[    0.000000] BIOS-e820: [mem 0x000000000009fc00-0x000000000009ffff] reserved
[    0.000000] BIOS-e820: [mem 0x00000000000f0000-0x00000000000fffff] reserved
[    0.000000] BIOS-e820: [mem 0x0000000000100000-0x000000007ffeffff] usable
[    0.000000] BIOS-e820: [mem 0x000000007fff0000-0x000000007fffffff] ACPI data
[    0.000000] BIOS-e820: [mem 0x00000000fec00000-0x00000000fec00fff] reserved
[    0.000000] BIOS-e820: [mem 0x00000000fee00000-0x00000000fee00fff] reserved
[    0.000000] BIOS-e820: [mem 0x00000000fffc0000-0x00000000ffffffff] reserved
[    0.000000] NX (Execute Disable) protection: active
[    0.000000] random: fast init done
[    0.000000] SMBIOS 2.5 present.
[    0.000000] DMI: innotek GmbH VirtualBox/VirtualBox, BIOS VirtualBox 12/01/2006
[    0.000000] Hypervisor detected: KVM
[    0.000000] tsc: Fast TSC calibration failed
[    0.000000] tsc: Using PIT calibration value
[    0.000000] e820: last_pfn = 0x7fff0 max_arch_pfn = 0x400000000
[    0.000000] MTRR: Disabled
[    0.000000] x86/PAT: MTRRs disabled, skipping PAT initialization too.
[    0.000000] CPU MTRRs all blank - virtualized system.
[    0.000000] x86/PAT: Configuration [0-7]: WB  WT  UC- UC  WB  WT  UC- UC  
[    0.000000] found SMP MP-table at [mem 0x0009fff0-0x0009ffff] mapped at [ffff99808009fff0]
[    0.000000] Scanning 1 areas for low memory corruption
[    0.000000] RAMDISK: [mem 0x35e45000-0x36f19fff]
[    0.000000] ACPI: Early table checksum verification disabled
[    0.000000] ACPI: RSDP 0x00000000000E0000 000024 (v02 VBOX  )
[    0.000000] ACPI: XSDT 0x000000007FFF0030 00003C (v01 VBOX   VBOXXSDT 00000001 ASL  00000061)
[    0.000000] ACPI: FACP 0x000000007FFF00F0 0000F4 (v04 VBOX   VBOXFACP 00000001 ASL  00000061)
[    0.000000] ACPI: DSDT 0x000000007FFF0470 0021C8 (v02 VBOX   VBOXBIOS 00000002 INTL 20100528)
[    0.000000] ACPI: FACS 0x000000007FFF0200 000040
[    0.000000] ACPI: FACS 0x000000007FFF0200 000040
[    0.000000] ACPI: APIC 0x000000007FFF0240 00005C (v02 VBOX   VBOXAPIC 00000001 ASL  00000061)
[    0.000000] ACPI: SSDT 0x000000007FFF02A0 0001CC (v01 VBOX   VBOXCPUT 00000002 INTL 20100528)
[    0.000000] No NUMA configuration found
[    0.000000] Faking a node at [mem 0x0000000000000000-0x000000007ffeffff]
[    0.000000] NODE_DATA(0) allocated [mem 0x7ffc5000-0x7ffeffff]
[    0.000000] kvm-clock: Using msrs 4b564d01 and 4b564d00
[    0.000000] kvm-clock: cpu 0, msr 0:7ff45001, primary cpu clock
[    0.000000] kvm-clock: using sched offset of 4912138199 cycls
[    0.000000] clocksource: kvm-clock: mask: 0xffffffffffffffff max_cycles: 0x1cd42e4dffb, max_idle_ns: 881590591483 ns
[    0.000000] Zone ranges:
[    0.000000]   DMA      [mem 0x0000000000001000-0x0000000000ffffff]
[    0.000000]   DMA32    [mem 0x0000000001000000-0x000000007ffeffff]
[    0.000000]   Normal   empty
[    0.000000]   Device   empty
[    0.000000] Movable zone start for each node
[    0.000000] Early memory node ranges
[    0.000000]   node   0: [mem 0x0000000000001000-0x000000000009efff]
[    0.000000]   node   0: [mem 0x0000000000100000-0x000000007ffeffff]
[    0.000000] Initmem setup node 0 [mem 0x0000000000001000-0x000000007ffeffff]
[    0.000000] ACPI: PM-Timer IO Port: 0x4008
[    0.000000] IOAPIC[0]: apic_id 2, version 32, address 0xfec00000, GSI 0-23
[    0.000000] ACPI: INT_SRC_OVR (bus 0 bus_irq 0 global_irq 2 dfl dfl)
[    0.000000] ACPI: INT_SRC_OVR (bus 0 bus_irq 9 global_irq 9 high level)
[    0.000000] Using ACPI (MADT) for SMP configuration information
[    0.000000] smpboot: Allowing 2 CPUs, 0 hotplug CPUs
[    0.000000] PM: Registered nosave memory: [mem 0x00000000-0x00000fff]
[    0.000000] PM: Registered nosave memory: [mem 0x0009f000-0x0009ffff]
[    0.000000] PM: Registered nosave memory: [mem 0x000a0000-0x000effff]
[    0.000000] PM: Registered nosave memory: [mem 0x000f0000-0x000fffff]
[    0.000000] e820: [mem 0x80000000-0xfebfffff] available for PCI devices
[    0.000000] Booting paravirtualized kernel on KVM
[    0.000000] clocksource: refined-jiffies: mask: 0xffffffff max_cycles: 0xffffffff, max_idle_ns: 7645519600211568 ns
[    0.000000] setup_percpu: NR_CPUS:8192 nr_cpumask_bits:2 nr_cpu_ids:2 nr_node_ids:1
[    0.000000] percpu: Embedded 39 pages/cpu @ffff9980ffc00000 s119704 r8192 d31848 u1048576
[    0.000000] PV qspinlock hash table entries: 256 (order: 0, 4096 bytes)
[    0.000000] Built 1 zonelists in Node order, mobility grouping on.  Total pages: 515961
[    0.000000] Policy zone: DMA32
[    0.000000] Kernel command line: BOOT_IMAGE=/boot/vmlinuz-4.13.0-19-generic root=UUID=8d9f7811-4a6f-4b5a-a852-84e55d629690 ro console=tty1 console=ttyS0
[    0.000000] PID hash table entries: 4096 (order: 3, 32768 bytes)
[    0.000000] Memory: 2023856K/2096696K available (9294K kernel code, 2479K rwdata, 3996K rodata, 2324K init, 2384K bss, 72840K reserved, 0K cma-reserved)
[    0.000000] SLUB: HWalign=64, Order=0-3, MinObjects=0, CPUs=2, Nodes=1
[    0.000000] ftrace: allocating 37783 entries in 148 pages
[    0.004000] Hierarchical RCU implementation.
[    0.004000] 	RCU restricting CPUs from NR_CPUS=8192 to nr_cpu_ids=2.
[    0.004000] 	Tasks RCU enabled.
[    0.004000] RCU: Adjusting geometry for rcu_fanout_leaf=16, nr_cpu_ids=2
[    0.004000] NR_IRQS: 524544, nr_irqs: 440, preallocated irqs: 16
[    0.004000] Console: colour VGA+ 80x25
[    0.004000] console [tty1] enabled
[    0.004000] console [ttyS0] enabled
[    0.004000] tsc: Detected 2394.464 MHz processor
[    0.004012] Calibrating delay loop (skipped) preset value.. 4788.92 BogoMIPS (lpj=9577856)
[    0.005507] pid_max: default: 32768 minimum: 301
[    0.008024] ACPI: Core revision 20170531
[    0.012688] ACPI: 2 ACPI AML tables successfully acquired and loaded
[    0.016041] Security Framework initialized
[    0.020004] Yama: becoming mindful.
[    0.020628] AppArmor: AppArmor initialized
[    0.024241] Dentry cache hash table entries: 262144 (order: 9, 2097152 bytes)
[    0.032075] Inode-cache hash table entries: 131072 (order: 8, 1048576 bytes)
[    0.036033] Mount-cache hash table entries: 4096 (order: 3, 32768 bytes)
[    0.040018] Mountpoint-cache hash table entries: 4096 (order: 3, 32768 bytes)
[    0.041235] CPU: Physical Processor ID: 0
[    0.044003] CPU: Processor Core ID: 0
[    0.044645] mce: CPU supports 0 MCE banks
[    0.045333] Last level iTLB entries: 4KB 1024, 2MB 1024, 4MB 1024
[    0.046227] Last level dTLB entries: 4KB 1024, 2MB 1024, 4MB 1024, 1GB 4
[    0.047290] Freeing SMP alternatives memory: 36K
[    0.049045] smpboot: Max logical packages: 1
[    0.050033] x2apic enabled
[    0.050748] Switched APIC routing to physical x2apic.
[    0.053039] ..TIMER: vector=0x30 apic1=0 pin1=2 apic2=-1 pin2=-1
[    0.060000] smpboot: CPU0: Intel(R) Core(TM) i7-4700MQ CPU @ 2.40GHz (family: 0x6, model: 0x3c, stepping: 0x3)
[    0.060142] Performance Events: unsupported p6 CPU model 60 no PMU driver, software events only.
[    0.064112] Hierarchical SRCU implementation.
[    0.068639] smp: Bringing up secondary CPUs ...
[    0.072166] x86: Booting SMP configuration:
[    0.076010] .... node  #0, CPUs:      #1
[    0.004000] kvm-clock: cpu 1, msr 0:7ff45041, secondary cpu clock
[    0.004000] mce: CPU supports 0 MCE banks
[    0.084030] smp: Brought up 1 node, 2 CPUs
[    0.088027] smpboot: Total of 2 processors activated (9577.85 BogoMIPS)
[    0.092494] devtmpfs: initialized
[    0.096076] x86/mm: Memory block size: 128MB
[    0.100188] evm: security.selinux
[    0.104006] evm: security.SMACK64
[    0.108707] evm: security.SMACK64EXEC
[    0.110936] evm: security.SMACK64TRANSMUTE
[    0.112006] evm: security.SMACK64MMAP
[    0.116001] evm: security.ima
[    0.116549] evm: security.capability
[    0.124078] clocksource: jiffies: mask: 0xffffffff max_cycles: 0xffffffff, max_idle_ns: 7645041785100000 ns
[    0.128021] futex hash table entries: 512 (order: 3, 32768 bytes)
[    0.136065] pinctrl core: initialized pinctrl subsystem
[    0.140146] RTC time: 11:21:15, date: 12/11/17
[    0.144260] NET: Registered protocol family 16
[    0.152019] cpuidle: using governor ladder
[    0.156022] cpuidle: using governor menu
[    0.158869] PCCT header not found.
[    0.160085] ACPI: bus type PCI registered
[    0.164011] acpiphp: ACPI Hot Plug PCI Controller Driver version: 0.5
[    0.172026] PCI: Using configuration type 1 for base access
[    0.180068] HugeTLB registered 2.00 MiB page size, pre-allocated 0 pages
[    0.184109] ACPI: Added _OSI(Module Device)
[    0.188025] ACPI: Added _OSI(Processor Device)
[    0.192014] ACPI: Added _OSI(3.0 _SCP Extensions)
[    0.196008] ACPI: Added _OSI(Processor Aggregator Device)
[    0.200374] ACPI: Executed 1 blocks of module-level executable AML code
[    0.208685] ACPI: Interpreter enabled
[    0.212038] ACPI: (supports S0 S5)
[    0.216013] ACPI: Using IOAPIC for interrupt routing
[    0.220288] PCI: Using host bridge windows from ACPI; if necessary, use "pci=nocrs" and report a bug
[    0.228289] ACPI: Enabled 2 GPEs in block 00 to 07
[    0.240831] ACPI: PCI Root Bridge [PCI0] (domain 0000 [bus 00-ff])
[    0.244020] acpi PNP0A03:00: _OSC: OS supports [ASPM ClockPM Segments MSI]
[    0.248029] acpi PNP0A03:00: _OSC failed (AE_NOT_FOUND); disabling ASPM
[    0.252040] acpi PNP0A03:00: fail to add MMCONFIG information, can't access extended PCI configuration space under this bridge.
[    0.260483] PCI host bridge to bus 0000:00
[    0.264014] pci_bus 0000:00: root bus resource [io  0x0000-0x0cf7 window]
[    0.268015] pci_bus 0000:00: root bus resource [io  0x0d00-0xffff window]
[    0.272013] pci_bus 0000:00: root bus resource [mem 0x000a0000-0x000bffff window]
[    0.276018] pci_bus 0000:00: root bus resource [mem 0x80000000-0xffdfffff window]
[    0.280022] pci_bus 0000:00: root bus resource [bus 00-ff]
[    0.288848] pci 0000:00:01.1: legacy IDE quirk: reg 0x10: [io  0x01f0-0x01f7]
[    0.292013] pci 0000:00:01.1: legacy IDE quirk: reg 0x14: [io  0x03f6]
[    0.296019] pci 0000:00:01.1: legacy IDE quirk: reg 0x18: [io  0x0170-0x0177]
[    0.300015] pci 0000:00:01.1: legacy IDE quirk: reg 0x1c: [io  0x0376]
[    0.345585] pci 0000:00:07.0: quirk: [io  0x4000-0x403f] claimed by PIIX4 ACPI
[    0.348049] pci 0000:00:07.0: quirk: [io  0x4100-0x410f] claimed by PIIX4 SMB
[    0.388783] ACPI: PCI Interrupt Link [LNKA] (IRQs 5 9 10 *11)
[    0.392335] ACPI: PCI Interrupt Link [LNKB] (IRQs 5 9 10 *11)
[    0.396117] ACPI: PCI Interrupt Link [LNKC] (IRQs 5 9 *10 11)
[    0.397062] ACPI: PCI Interrupt Link [LNKD] (IRQs 5 *9 10 11)
[    0.400367] SCSI subsystem initialized
[    0.401062] pci 0000:00:02.0: vgaarb: setting as boot VGA device
[    0.404000] pci 0000:00:02.0: vgaarb: VGA device added: decodes=io+mem,owns=io+mem,locks=none
[    0.404021] pci 0000:00:02.0: vgaarb: bridge control possible
[    0.408014] vgaarb: loaded
[    0.412088] ACPI: bus type USB registered
[    0.416046] usbcore: registered new interface driver usbfs
[    0.420047] usbcore: registered new interface driver hub
[    0.428026] usbcore: registered new device driver usb
[    0.436053] EDAC MC: Ver: 3.0.0
[    0.440369] PCI: Using ACPI for IRQ routing
[    0.444473] NetLabel: Initializing
[    0.448009] NetLabel:  domain hash size = 128
[    0.452010] NetLabel:  protocols = UNLABELED CIPSOv4 CALIPSO
[    0.454704] NetLabel:  unlabeled traffic allowed by default
[    0.456113] clocksource: Switched to clocksource kvm-clock
[    0.488437] VFS: Disk quotas dquot_6.6.0
[    0.549260] VFS: Dquot-cache hash table entries: 512 (order 0, 4096 bytes)
[    0.574865] AppArmor: AppArmor Filesystem Enabled
[    0.584932] pnp: PnP ACPI init
[    0.593018] pnp: PnP ACPI: found 3 devices
[    0.668486] clocksource: acpi_pm: mask: 0xffffff max_cycles: 0xffffff, max_idle_ns: 2085701024 ns
[    0.736877] NET: Registered protocol family 2
[    0.738182] TCP established hash table entries: 16384 (order: 5, 131072 bytes)
[    0.739966] TCP bind hash table entries: 16384 (order: 6, 262144 bytes)
[    0.747528] TCP: Hash tables configured (established 16384 bind 16384)
[    0.749023] UDP hash table entries: 1024 (order: 3, 32768 bytes)
[    0.756407] UDP-Lite hash table entries: 1024 (order: 3, 32768 bytes)
[    0.757859] NET: Registered protocol family 1
[    0.784263] pci 0000:00:00.0: Limiting direct PCI/PCI transfers
[    0.821281] pci 0000:00:01.0: Activating ISA DMA hang workarounds
[    0.843019] pci 0000:00:02.0: Video device with shadowed ROM at [mem 0x000c0000-0x000dffff]
[    0.953818] Unpacking initramfs...
[    1.377044] Freeing initrd memory: 17236K
[    1.481762] platform rtc_cmos: registered platform RTC device (no PNP device found)
[    1.685618] Scanning for low memory corruption every 60 seconds
[    1.825912] audit: initializing netlink subsys (disabled)
[    1.828977] audit: type=2000 audit(1512991278.953:1): state=initialized audit_enabled=0 res=1
[    1.829166] Initialise system trusted keyrings
[    1.829173] Key type blacklist registered
[    1.829195] workingset: timestamp_bits=36 max_order=19 bucket_order=0
[    1.830043] zbud: loaded
[    1.830305] squashfs: version 4.0 (2009/01/31) Phillip Lougher
[    1.834160] fuse init (API version 7.26)
[    1.937653] Key type asymmetric registered
[    2.028541] Asymmetric key parser 'x509' registered
[    2.142159] Block layer SCSI generic (bsg) driver version 0.4 loaded (major 247)
[    2.153181] io scheduler noop registered
[    2.194775] io scheduler deadline registered
[    2.195541] io scheduler cfq registered (default)
[    2.249135] ACPI: AC Adapter [AC] (on-line)
[    2.257935] input: Power Button as /devices/LNXSYSTM:00/LNXPWRBN:00/input/input0
[    2.315996] ACPI: Power Button [PWRF]
[    2.316727] input: Sleep Button as /devices/LNXSYSTM:00/LNXSLPBN:00/input/input1
[    2.317964] ACPI: Sleep Button [SLPF]
[    2.394076] ACPI: Battery Slot [BAT0] (battery present)
[    2.430232] GHES: HEST is not enabled!
[    2.509425] tsc: Refined TSC clocksource calibration: 2395.278 MHz
[    2.512520] clocksource: tsc: mask: 0xffffffffffffffff max_cycles: 0x2286cab8cc4, max_idle_ns: 440795288762 ns
[    2.512627] Serial: 8250/16550 driver, 32 ports, IRQ sharing enabled
[    2.547736] 00:02: ttyS0 at I/O 0x3f8 (irq = 4, base_baud = 115200) is a 16550A
[    2.734075] Linux agpgart interface v0.103
[    2.937125] loop: module loaded
[    2.939896] scsi host0: ata_piix
[    2.947105] scsi host1: ata_piix
[    2.947727] ata1: PATA max UDMA/33 cmd 0x1f0 ctl 0x3f6 bmdma 0xd000 irq 14
[    2.948757] ata2: PATA max UDMA/33 cmd 0x170 ctl 0x376 bmdma 0xd008 irq 15
[    2.950114] libphy: Fixed MDIO Bus: probed
[    2.957892] tun: Universal TUN/TAP device driver, 1.6
[    2.958722] PPP generic driver version 2.4.2
[    2.959460] ehci_hcd: USB 2.0 'Enhanced' Host Controller (EHCI) Driver
[    2.960421] ehci-pci: EHCI PCI platform driver
[    2.961130] ehci-platform: EHCI generic platform driver
[    2.961933] ohci_hcd: USB 1.1 'Open' Host Controller (OHCI) Driver
[    2.962814] ohci-pci: OHCI PCI platform driver
[    2.971319] ohci-platform: OHCI generic platform driver
[    2.979469] uhci_hcd: USB Universal Host Controller Interface driver
[    2.980473] i8042: PNP: PS/2 Controller [PNP0303:PS2K,PNP0f03:PS2M] at 0x60,0x64 irq 1,12
[    2.992574] serio: i8042 KBD port at 0x60,0x64 irq 1
[    3.083045] serio: i8042 AUX port at 0x60,0x64 irq 12
[    3.125414] mousedev: PS/2 mouse device common for all mice
[    3.144351] rtc_cmos rtc_cmos: rtc core: registered rtc_cmos as rtc0
[    3.147067] rtc_cmos rtc_cmos: alarms up to one day, 114 bytes nvram
[    3.157001] i2c /dev entries driver
[    3.179235] input: AT Translated Set 2 keyboard as /devices/platform/i8042/serio0/input/input2
[    3.180761] device-mapper: uevent: version 1.0.3
[    3.181563] device-mapper: ioctl: 4.37.0-ioctl (2017-09-20) initialised: dm-devel@redhat.com
[    3.185202] ledtrig-cpu: registered to indicate activity on CPUs
[    3.186509] NET: Registered protocol family 10
[    3.190176] Segment Routing with IPv6
[    3.246950] NET: Registered protocol family 17
[    3.361561] Key type dns_resolver registered
[    3.395112] RAS: Correctable Errors collector initialized.
[    3.395986] sched_clock: Marking stable (3395040502, 0)->(8467598263, -5072557761)
[    3.397496] registered taskstats version 1
[    3.398188] Loading compiled-in X.509 certificates
[    3.400925] Loaded X.509 cert 'Build time autogenerated kernel key: bb9f2adf4533cce516ad8afef0231093efa8e8d6'
[    3.649498] zswap: loaded using pool lzo/zbud
[    3.782870] Key tykey registered
[    3.980040] Key type trusted registered
[    4.026420] Key type encrypted registered
[    4.076653] AppArmor: AppArmor sha1 policy hashing enabled
[    4.083128] ima: No TPM chip found, activating TPM-bypass! (rc=-19)
[    4.084064] evm: HMAC attrs: 0x1
[    4.084882]   Magic number: 13:850:377
[    4.085552] acpi PNP0700:00: hash matches
[    4.086312] rtc_cmos rtc_cmos: setting system clock to 2017-12-11 11:21:20 UTC (1512991280)
[    4.128442] BIOS EDD facility v0.16 2004-Jun-25, 0 devices found
[    4.188318] EDD information not available.
[    4.204331] Freeing unused kernel memory: 2324K
[    4.224888] Write protecting the kernel read-only data: 14336k
[    4.320290] Freeing unused kernel memory: 932K
[    4.378204] Freeing unused kernel memory: 100K
[    4.384580] x86/mm: Checked W+X mappings: passed, no W+X pages found.
Loading, please wait...
starting version 234
[    4.452231] Fusion MPT base driver 3.04.20
[    4.490009] Copyright (c) 1999-2008 LSI Corporation
[    4.548752] e1000: Intel(R) PRO/1000 Network Driver - version 7.3.21-k8-NAPI
[    4.558744] e1000: Copyright (c) 1999-2006 Intel Corporation.
[    4.568140] AVX version of gcm_enc/dec engaged.
[    4.575577] AES CTR mode by8 optimization enabled
[    4.583258] Fusion MPT SPI Host driver 3.04.20
[    4.838682] input: ImExPS/2 Generic Explorer Mouse as /devices/platform/i8042/serio1/input/input4
[    4.923984] e1000 0000:00:03.0 eth0: (PCI:33MHz:32-bit) 02:d8:c6:b9:6b:32
[    5.057886] e1000 0000:00:03.0 eth0: Intel(R) PRO/1000 Network Connection
[    5.108288] mptbase: ioc0: Initiating bringup
[    5.109790] e1000 0000:00:03.0 enp0s3: renamed from eth0
[    5.208212] ioc0: LSI53C1030 A0: Capabilities={Initiator}
[    5.461859] scsi host2: ioc0: LSI53C1030 A0, FwRev=00000000h, Ports=1, MaxQ=256, IRQ=20
[    5.640960] scsi 2:0:0:0: Direct-Access     VBOX     HARDDISK         1.0  PQ: 0 ANSI: 5
[    5.753870] scsi target2:0:0: Beginning Domain Validation
[    5.767116] scsi target2:0:0: Domain Validation skipping write tests
[    5.768046] scsi target2:0:0: Ending Domain Validation
[    5.768893] scsi target2:0:0: asynchronous
[    5.785551] scsi 2:0:1:0: Direct-Access     VBOX     HARDDISK         1.0  PQ: 0 ANSI: 5
[    5.985628] scsi target2:0:1: Beginning Domain Validation
[    6.107227] scsi target2:0:1: Domain Validation skipping write tests
[    6.224861] scsi target2:0:1: Ending Domain Validation
[    6.308210] scsi target2:0:1: asynchronous
[    6.450545] sd 2:0:0:0: Attached scsi generic sg0 type 0
[    6.480670] sd 2:0:0:0: [sda] 20971520 512-byte logical blocks: (10.7 GB/10.0 GiB)
[    6.480866] sd 2:0:1:0: Attached scsi generic sg1 type 0
[    6.481113] sd 2:0:1:0: [sdb] 20480 512-byte logical blocks: (10.5 MB/10.0 MiB)
[    6.481167] sd 2:0:1:0: [sdb] Write Protect is off
[    6.481231] sd 2:0:1:0: [sdb] Incomplete mode parameter data
[    6.481232] sd 2:0:1:0: [sdb] Assuming drive cache: write through
[    6.702837] sd 2:0:0:0: [sda] Write Protect is off
[    6.748218] sd 2:0:0:0: [sda] Incomplete mode parameter data
[    6.924641] sd 2:0:0:0: [sda] Assuming drive cache: write through
[    6.950602] sd 2:0:1:0: [sdb] Attached SCSI disk
[    7.109690]  sda: sda1
[    7.189669] sd 2:0:0:0: [sda] Attached SCSI disk
[    7.644329] floppy0: no floppy controllers found
Begin: Loading essential drivers ... [    9.384215] raid6: sse2x1   gen() 10571 MB/s
[    9.552193] raid6: sse2x1   xor()  7518 MB/s
[    9.732398] raid6: sse2x2   gen() 12675 MB/s
[    9.820462] raid6: sse2x2   xor()  8002 MB/s
[   10.004141] raid6: sse2x4   gen() 15073 MB/s
[   10.168077] raid6: sse2x4   xor()  7819 MB/s
[   10.176339] raid6: using algorithm sse2x4 gen() 15073 MB/s
[   10.199889] raid6: .... xor() 7819 MB/s, rmw enabled
[   10.330720] raid6: using ssse3x2 recovery algorithm
[   10.467767] xor: automatically using best checksumming function   avx       
[   10.671660] async_tx: api initialized (async)
done.
Begin: Running /scripts/init-p[   10.824566] Btrfs loaded, crc32c=crc32c-intel
remount ... done.
Begin: Mounting root file system ... Begin: Running /scripts/local-top ... done.
Begin: Running /scripts/local-premount ... Scanning for Btrfs filesystems
done.
Warning: fsck not present, so skipping root file system
[   11.119291] EXT4-fs (sda1): mounted filesystem with ordered data mode. Opts: (null)
done.
Begin: Running /scripts/local-bottom ... done.
Begin: Running /scripts/init-bottom ... done.
[   12.594725] random: crng init done
[   12.776547] ip_tables: (C) 2000-2006 Netfilter Core Team
[   13.052135] systemd[1]: systemd 234 running in system mode. (+PAM +AUDIT +SELINUX +IMA +APPARMOR +SMACK +SYSVINIT +UTMP +LIBCRYPTSETUP +GCRYPT +GNUTLS +ACL +XZ +LZ4 +SECCOMP +BLKID +ELFUTILS +KMOD -IDN2 +IDN default-hierarchy=hybrid)
[   13.340972] systemd[1]: Detected virtualization oracle.
[   13.341792] systemd[1]: Detected architecture x86-64.

Welcome to [1mUbuntu 17.10[0m!

[   13.425188] systemd[1]: Set hostname to <rails-dev-box>.
[   15.924293] systemd[1]: Listening on Journal Socket (/dev/log).
[[0;32m  OK  [0m] Listening on Journal Socket (/dev/log).
[   16.144380] systemd[1]: Started Forward Password Requests to Wall Directory Watch.
[[0;32m  OK  [0m] Started Forward Password Requests to Wall Directory Watch.
[   16.220105] systemd[1]: Listening on udev Control Socket.
[[0;32m  OK  [0m] Listening on udev Control Socket.
[   16.230307] systemd[1]: Created slice System Slice.
[[0;32m  OK  [0m] Created slice System Slice.
[   16.231854] systemd[1]: Created slice system-postgresql.slice.
[[0;32m  OK  [0m] Created slice system-postgresql.slice.
[   16.264531] systemd[1]: Listening on LVM2 metadata daemon socket.
[[0;32m  OK  [0m] Listening on LVM2 metadata daemon socket.
[[0;32m  OK  [0m] Listening on Syslog Socket.
         Mounting POSIX Message Queue File System...
[[0;32m  OK  [0m] Set up automount Arbitrary Executab…rmats File System Automount Point.
[[0;32m  OK  [0m] Reached target User and Group Name Lookups.
[[0;32m  OK  [0m] Created slice system-serial\x2dgetty.slice.
[[0;32m  OK  [0m] Listening on Device-mapper event daemon FIFOs.
[[0;32m  OK  [0m] Created slice User and Session Slice.
[[0;32m  OK  [0m] Listening on /dev/initctl Compatibility Named Pipe.
[[0;32m  OK  [0m] Listening on udev Kernel Socket.
[[0;32m  OK  [0m] Reached target Slices.
[[0;32m  OK  [0m] Listening on Journal Socket.
         Starting Set the console keyboard layout...
         Starting Uncomplicated firewall...
         Starting Create list of required st…ce nodes for the current kernel...
         Starting Monitoring of LVM2 mirrors…ng dmeventd or progress polling...
[[0;32m  OK  [0m] Listening on Journal Audit Socket.
         Starting Journal Service...
[[0;32m  OK  [0m] Listening on LVM2 poll daemon socket.
         Starting Load Kernel Modules...
         Starting Remount Root and Kernel File Systems...
         Mountin[   17.104310] Loading iSCSI transport class v2.0-870.
g Huge Pages File System...
[[0;32m  OK  [0m] Listening on Network Service Netlink Socket.
         Mounting Kernel Debug File System...
[[0;32m  OK  [0m] Mounted Kernel Debug File System.
[   17.280313] iscsi: registered transport (tcp)
[[0;32m  OK  [[   17.339527] EXT4-fs (sda1): re-mounted. Opts: (null)
0m] Mounted POSIX Message Queue File System.
[[0;32m  OK  [0m] Mounted Huge[   17.497767] iscsi: registered transport (iser)
 Pages File System.
[[0;32m  OK  [0m] Started Journal Service.
[[0;32m  OK  [0m] Started Set the console keyboard layout.
[[0;32m  OK  [0m] Started Uncomplicated firewall.
[[0;32m  OK  [0m] Started Create list of required sta…vice nodes for the current kernel.
[[0;32m  OK  [0m] Started Load Kernel Modules.
[[0;32m  OK  [0m] Started Remount Root and Kernel File Systems.
[[0;32m  OK  [0m] Started LVM2 metadata daemon.
         Starting Load/Save Random Seed...
         Activating swap /swapfile...
         Starting udev Coldplug [   17.961366] Adding 2097148k swap on /swapfile.  Priority:-1 extents:6 across:2383868k FS
all Devices...
         Starting Apply Kernel Variables...
         Mounting Kernel Configuration File System...
         Mounting FUSE Control File System...
         Starting Create Static Device Nodes in /dev...
         Starting Flush Journal to Persistent Storage...
[[0;32m  OK  [0m] Activated swap /swapfile.
[[0;32m  OK  [0m] Mounted Kernel Configuration File System.
[[0;32m  OK  [0m] Mounted FUSE Control File System.
[[0;32m  OK  [0m] Started Monitoring of LVM2 mirrors,…sing dmeventd or progress polling.
[[0;32m  OK  [0m] Started Load/Save Random Seed.
[[0;32m  OK  [0m] Started Apply Kernel Variables.
[[0;32m  OK  [0m] Started Create Static Device Nodes in /dev.
[[0;32m  OK  [0m] Started udev Coldplug all Devices.
         Starting udev Kernel Device Manager...
[[0;32m  OK  [0m] Reached target Swap.
[[0;32m  OK  [0m] Started Flush Journal to Persistent Storage.
[[0;32m  OK  [0m] Started udev Kernel Device Manager.
[[0;32m  OK  [0m] Reached target Local File Systems (Pre).
[[0;32m  OK  [0m] Reached target Local File Systems.
         Starting ebtables ruleset management...
         Starting AppArmor initialization...
         Starting Create Volatile Files and Directories...
         Starting Tell Plymouth To Write Out Runtime Data...
         Starting Set console font and keymap...
[[0;32m  OK  [0m] Started Dispatch Password Requests to Console Directory Watch.
[[0;32m  OK  [0m] Reached target Encrypted Volumes.
[[0;32m  OK  [0m] Started Tell Plymouth To Write Out Runtime Data.
[[0;32m  OK  [0m] Started Set console font and keymap.
[[0;32m  OK  [0m] Started Create Volatile Files and Directories.
         Starting Network Time Synchronization...
         Starting Update UTMP about System Boot/Shutdown...
         Starting Initial cloud-init job (pre-networking)...
[[0;32m  OK  [0m] Found device /dev/ttyS0.
[[0;32m  OK  [0m] Started Network Time Synchronization.
[[0;32m  OK  [0m] Started ebtables ruleset management.
[[0;32m  OK  [0m] Reached target System Time Synchronized.
[[0;32m  OK  [0m] Started Update UTMP about System Boot/Shutdown.
[[0;32m  OK  [0m] Listening on Load/Save RF Kill Switch Status /dev/rfkill Watch.
[[0;32m  OK  [0m] Started AppArmor initialization.
[   26.269460] cloud-init[441]: Cloud-init v. 17.1 running 'init-local' at Mon, 11 Dec 2017 11:21:41 +0000. Up 25.53 seconds.
[[0;32m  OK  [0m] Started Initial cloud-init job (pre-networking).
[[0;32m  OK  [0m] Reached target Network (Pre).
         Starting Network Service...
[[0;32m  OK  [0m] Started Network Service.
         Starting Wait for Network to be Configured...
[[0;32m  OK  [0m] Reached target Network.
[[0m[0;31m*     [0m] A start job is running for Wait for… to be Configured (15s / no limit)[K[[0;1;31m*[0m[0;31m*    [0m] A start job is running for Wait for… to be Configured (16s / no limit)[K[[0;31m*[0;1;31m*[0m[0;31m*   [0m] A start job is running for Wait for… to be Configured (17s / no limit)[K[ [0;31m*[0;1;31m*[0m[0;31m*  [0m] A start job is running for Wait for… to be Configured (17s / no limit)[K[  [0;31m*[0;1;31m*[0m[0;31m* [0m] A start job is running for Wait for… to be Configured (18s / no limit)[K[   [0;31m*[0;1;31m*[0m[0;31m*[0m] A start job is running for Wait for… to be Configured (19s / no limit)[K[    [0;31m*[0;1;31m*[0m] A start job is running for Wait for… to be Configured (19s / no limit)[K[     [0;31m*[0m] A start job is running for Wait for… to be Configured (20s / no limit)[K[    [0;31m*[0;1;31m*[0m] A start job is running for Wait for… to be Configured (21s / no limit)[K[   [0;31m*[0;1;31m*[0m[0;31m*[0m] A start job is running for Wait for… to be Configured (21s / no limit)[K[  [0;31m*[0;1;31m*[0m[0;31m* [0m] A start job is running for Wait for… to be Configured (22s / no limit)[K[ [0;31m*[0;1;31m*[0m[0;31m*  [0m] A start job is running for Wait for… to be Configured (22s / no limit)[K[[0;31m*[0;1;31m*[0m[0;31m*   [0m] A start job is running for Wait for… to be Configured (23s / no limit)[K[[0;1;31m*[0m[0;31m*    [0m] A start job is running for Wait for… to be Configured (24s / no limit)[K[[0;32m  OK  [0m] Started Wait for Network to be Configured.
         Starting Initial cloud-init job (metadata service crawler)...
[   47.259007] cloud-init[682]: Cloud-init v. 17.1 running 'init' at Mon, 11 Dec 2017 11:21:57 +0000. Up 40.59 seconds.
[[0;32m  OK  [0m] Started Initial cloud-init job (metadata service crawler).
[   47.352776] cloud-init[[0;32m  OK  [0m] Reached target System Initialization.
[682]: ci-info: +++++++++++++++++++++++++++++Net device info++++++++++++++++++++++++++++++
[   47.399906] cloud-init[682]: ci-info: +---------+------+-----------+---------------+-------+-------------------+
[   47.401226] cloud-init[682]: ci-info: |  Device |  Up  |  Address  |      Mask     | Scope |     Hw-Address    |
[   47.402470] cloud-init[682]: ci-info: +---------+------+-----------+---------------+-------+-------------------+
[   47.403774] cloud-init[682]: ci-info: | enp0s3: | True | 10.0.2.15 | 255.255.255.0 |   .   | 02:d8:c6:b9:6b:32 |
[   47.405133] cloud-init[682]: ci-info: | enp0s3: | True |     .     |       .       |   d   | 02:d8:c6:b9:6b:32 |
[   47.406400] cloud-init[682]: ci-info: |   lo:   | True | 127.0.0.1 |   255.0.0.0   |   .   |         .         |
[   47.416412] cloud-init[682]: ci-info: |   lo:   | True |     .     |       .       |   d   |         .         |
[   47.472570] cloud-init[682]: ci-info: +---------+------+-----------+---------------+-------+-------------------+
[[0;32m  OK  [0m] Started ACPI Events Check.
[   47.568544] cloud-init[682]: ci-info: ++++++++++++++++++++++++++++Route IPv4 info+++++++++++++++++++++++++++++
[   47.688982] cloud-init[682]: ci-info: +-------+-------------+----------+-----------------+-----------+-------+
[[0;32m  OK  [0m] Started Daily apt download activities.
[   47.788356] [cloud-init[0;32m  OK  [0m[682]: ] ci-info: | Route | Destination | Gateway  |     Genmask     | Interface | Flags |Started Daily apt upgrade and clean activities.

[   47.886578] cloud-init[682]: ci-info: +-------+-------------+----------+-----------------+-----------+-------+
[[0;32m  OK  [0m] Started systemd-resolved-update-resolvconf.path.
[   47.888202] cloud-init[682]: ci-info: |   0   |   0.0.0.0   | 10.0.2.2 |     0.0.0.0     |   enp0s3  |   UG  |
[[0;32m  OK  [0m] Reached target Paths.
[   47.965012]          Starting Socket activation for snappy daemon.
[[0;32m  OK  [0m] Listening on ACPID Listen Socket.
[[0;32m  OK  [0m] Started Timer to automatically refresh installed snaps.
[[0;32m  OK  [0m] Started Daily Cleanup of Temporary Directories.
cloud-init[682]: ci-info: |   1   |   10.0.2.0  | 0.0.0.0  |  255.255.255.0  |   enp0s3  |   U   |
[[0;32m  OK  [0m] Started Message of the Day.
[   48.065686] [[0;32m  OK  [0m] Reached target Timers.
[[0;32m  OK  [0m] Listening on D-Bus System Message Bus Socket.
cloud-init[682]: ci-info: |   2   |   10.0.2.2  | 0.0.0.0  | 255.255.255.255 |   enp0s3  |   UH  |
         Starting LXD - unix socket.
[   48.120689] [cloud-init[0;32m  OK  [0m[682]: ] ci-info: +-------+-------------+----------+-----------------+-----------+-------+Listening on UUID daemon activation socket.

[[0;32m  OK  [0m] Reached target Cloud-config availability.
[[0;32m  OK  [0m] Listening on Socket activation for snappy daemon.
[[0;32m  OK  [0m] Listening on LXD - unix socket.
[[0;32m  OK  [0m] Reached target Sockets.
[[0;32m  OK  [0m] Reached target Basic System.
         Starting MySQL Community Server...
[[0;32m  OK  [0m] Started D-Bus System Message Bus.
         Starting LXD - container startup/shutdown...
         Starting RabbitMQ Messaging Server...
[[0;32m  OK  [0m] Started Deferred execution scheduler.
         Starting LSB: Record successful boot for GRUB...
         Starting Network Name Resolution...
         Starting Resets System Activity Data Collector...
         Starting Advanced key-value store...
[[0;32m  OK  [0m] Started memcached daemon.
[[0;32m  OK  [0m] Started FUSE filesystem for LXC.
[[0;32m  OK  [0m] Started Regular background program processing daemon.
         Starting Accounts Service...
         Starting PostgreSQL Cluster 9.6-main...
[[0;32m  OK  [0m] Started irqbalance daemon.
[[0;32m  OK  [0m] Started Unattended Upgrades Shutdown.
         Starting Login Service...
         Starting System Logging Service...
         Starting Snappy daemon...
[[0;32m  OK  [0m] Started Network Name Resolution.
[[0;32m  OK  [0m] Started Resets System Activity Data Collector.
[[0;32m  OK  [0m] Reached target Host and Network Name Lookups.
[[0;32m  OK  [0m] Reached target Network is Online.
         Starting Apply the settings specified in cloud-config...
         Starting iSCSI initiator daemon (iscsid)...
         Starting OpenBSD Secure Shell server...
[[0;32m  OK  [0m] Started Login Service.
[[0;32m  OK  [0m] Started System Logging Service.
[   67.727463] cloud-init[1138]: Cloud-init v. 17.1 running 'modules:config' at Mon, 11 Dec 2017 11:22:14 +0000. Up 58.31 seconds.
[[0;32m  OK  [0m] Started Apply the settings specified in cloud-config.
[[0;32m  OK  [0m] Started LSB: Record successful boot for GRUB.
[[0;32m  OK  [0m] Started iSCSI initiator daemon (iscsid).
[[0;32m  OK  [0m] Reached target Remote File Systems (Pre).
[[0;32m  OK  [0m] Reached target Remote File Systems.
         Starting Permit User Sessions...
         Starting LSB: automatic crash report generation...
[[0;32m  OK  [0m] Started Permit User Sessions.
         Starting Terminate Plymouth Boot Screen...
         Starting Hold until boot process finishes up...
[[0;32m  OK  [0m] Started Terminate Plymouth Boot Screen.
[[0;32m  OK  [0m] Started Hold until boot process finishes up.
         Starting Set console scheme...
[[0;32m  OK  [0m] Started Serial Getty on ttyS0.
[[0;32m  OK  [0m] Started Advanced key-value store.
[[0;32m  OK  [0m] Started Set console scheme.
[[0;32m  OK  [0m] Created slice system-getty.slice.
[[0;32m  OK  [0m] Started Getty on tty1.
[[0;32m  OK  [0m] Reached target Login Prompts.
         Starting Authorization Manager...
[[0;32m  OK  [0m] Started LSB: automatic crash report generation.
[[0;32m  OK  [0m] Started OpenBSD Secure Shell server.

Ubuntu 17.10 rails-dev-box ttyS0

rails-dev-box login: [  124.156147] cloud-init[2319]: Cloud-init v. 17.1 running 'modules:final' at Mon, 11 Dec 2017 11:23:21 +0000. Up 123.84 seconds.
[  124.156384] cloud-init[2319]: Cloud-init v. 17.1 finished at Mon, 11 Dec 2017 11:23:21 +0000. Datasource DataSourceNoCloud [seed=/dev/sdb][dsmode=net].  Up 124.14 seconds
